# JRE version: OpenJDK Runtime Environment Temurin-11.0.25+9 (11.0.25+9) (build 11.0.25+9)
# Java VM: OpenJDK 64-Bit Server VM Temurin-11.0.25+9 (11.0.25+9, mixed mode, tiered, compressed oops, g1 gc, windows-amd64)
Heap:
 garbage-first heap   total 129024K, used 55597K [0x00000000e0000000, 0x0000000100000000)
  region size 1024K, 49 young (50176K), 5 survivors (5120K)
 Metaspace       used 29808K, capacity 31129K, committed 31232K, reserved 1081344K
  class space    used 3524K, capacity 4081K, committed 4096K, reserved 1048576K
GC Heap History (8 events):
Event: 0.676 GC heap before
{Heap before GC invocations=0 (full 0):
 garbage-first heap   total 129024K, used 15360K [0x00000000e0000000, 0x0000000100000000)
  region size 1024K, 14 young (14336K), 0 survivors (0K)
 Metaspace       used 10986K, capacity 11238K, committed 11520K, reserved 1058816K
  class space    used 1090K, capacity 1179K, committed 1280K, reserved 1048576K
}
Event: 0.682 GC heap after
{Heap after GC invocations=1 (full 0):
 garbage-first heap   total 129024K, used 6765K [0x00000000e0000000, 0x0000000100000000)
  region size 1024K, 2 young (2048K), 2 survivors (2048K)
 Metaspace       used 10986K, capacity 11238K, committed 11520K, reserved 1058816K
  class space    used 1090K, capacity 1179K, committed 1280K, reserved 1048576K
}
Event: 1.048 GC heap before
{Heap before GC invocations=1 (full 0):
 garbage-first heap   total 129024K, used 10861K [0x00000000e0000000, 0x0000000100000000)
  region size 1024K, 6 young (6144K), 2 survivors (2048K)
 Metaspace       used 12650K, capacity 12904K, committed 13056K, reserved 1060864K
  class space    used 1310K, capacity 1416K, committed 1536K, reserved 1048576K
}
Event: 1.052 GC heap after
{Heap after GC invocations=2 (full 0):
 garbage-first heap   total 129024K, used 7327K [0x00000000e0000000, 0x0000000100000000)
  region size 1024K, 1 young (1024K), 1 survivors (1024K)
 Metaspace       used 12650K, capacity 12904K, committed 13056K, reserved 1060864K
  class space    used 1310K, capacity 1416K, committed 1536K, reserved 1048576K
}
Event: 1.672 GC heap before
{Heap before GC invocations=2 (full 0):
 garbage-first heap   total 129024K, used 28831K [0x00000000e0000000, 0x0000000100000000)
  region size 1024K, 22 young (22528K), 1 survivors (1024K)
 Metaspace       used 18131K, capacity 18794K, committed 18944K, reserved 1067008K
  class space    used 1997K, capacity 2266K, committed 2304K, reserved 1048576K
}
Event: 1.676 GC heap after
{Heap after GC invocations=3 (full 0):
 garbage-first heap   total 129024K, used 9252K [0x00000000e0000000, 0x0000000100000000)
  region size 1024K, 3 young (3072K), 3 survivors (3072K)
 Metaspace       used 18131K, capacity 18794K, committed 18944K, reserved 1067008K
  class space    used 1997K, capacity 2266K, committed 2304K, reserved 1048576K
}
Event: 1.987 GC heap before
{Heap before GC invocations=3 (full 0):
 garbage-first heap   total 129024K, used 21540K [0x00000000e0000000, 0x0000000100000000)
  region size 1024K, 16 young (16384K), 3 survivors (3072K)
 Metaspace       used 20510K, capacity 21226K, committed 21248K, reserved 1069056K
  class space    used 2255K, capacity 2544K, committed 2560K, reserved 1048576K
}
Event: 1.995 GC heap after
{Heap after GC invocations=4 (full 0):
 garbage-first heap   total 129024K, used 11565K [0x00000000e0000000, 0x0000000100000000)
  region size 1024K, 5 young (5120K), 5 survivors (5120K)
 Metaspace       used 20510K, capacity 21226K, committed 21248K, reserved 1069056K
  class space    used 2255K, capacity 2544K, committed 2560K, reserved 1048576K
}

